<tree>
    <node root="yes">
        <path>/</path>
        <id>0</id>
        <name>Root A</name>
        <wazuh_rule_config>
            <match>evil root log</match>
            <description>An attacker has reached "Root" node</description>
        </wazuh_rule_config>
    </node>

        <node root="yes">
        <path>/</path>
        <id>1</id>
        <name>Root B</name>
        <wazuh_rule_config>
            <match>evil root log</match>
            <description>An attacker has reached "Root" node</description>
        </wazuh_rule_config>
    </node>
</tree>