<tree>
    <node root="yes">
        <path>/</path>
        <id>0</id>
        <name>Root</name>
        <wazuh_rule_config>
            <match>evil root log</match>
            <description>An attacker has reached "Root" node</description>
        </wazuh_rule_config>
    </node>

    <node>
        <path>/non-existent/</path> <!-- Path is wrong -->
        <id>1</id>
        <name>Child</name>
        <wazuh_rule_config>
            <match>evil root log</match>
            <description>An attacker has reached "Root" node</description>
        </wazuh_rule_config>
    </node>
</tree>