<tree>
    <node root="yes">
        <path>/</path>
        <id>0</id>
        <name>Root</name>
        <wazuh_rule_config>
            <rule_id>2000</rule_id> <!-- Rules must be from 100000 to 120000 -->
            <match>evil root log</match>
            <description>An attacker has reached "Root" node</description>
        </wazuh_rule_config>
    </node>

    <node>
        <path>/Root/</path>
        <id>1</id>
        <name>Child1 Conj</name>
        <wazuh_rule_config>
            <rule_id>2000</rule_id> <!-- Rules must be from 100000 to 120000 -->
            <match>evil Child1 Conj log</match>
            <description>An attacker has reached "Child1 Conj" node</description>
        </wazuh_rule_config>
    </node>

    <node>
        <path>/Root/</path>
        <id>2</id>
        <name>Child2 Conj</name>
        <wazuh_rule_config>
            <match>evil Child2 Conj log</match>
            <description>An attacker has reached "Child2 Conj" node</description>
        </wazuh_rule_config>
    </node>

    <conjunction>Child1 Conj, Child2 Conj</conjunction>

    <node>
        <path>/Root/</path>
        <id>3</id>
        <name>Child3</name>
        <wazuh_rule_config>
            <match>evil Child3 log</match>
            <description>An attacker has reached "Child3" node</description>
        </wazuh_rule_config>
    </node>

    <node>
        <path>/Root/</path>
        <id>4</id>
        <name>Child4</name>
        <wazuh_rule_config>
            <match>evil Child4 log</match>
            <description>An attacker has reached "Child4" node</description>
        </wazuh_rule_config>
    </node>

    <node>
        <path>/Root/Child1 Conj/</path>
        <id>5</id>
        <name>Child1_1</name>
        <wazuh_rule_config>
            <match>evil Child1_1 log</match>
            <description>An attacker has reached "Child1_1" node</description>
        </wazuh_rule_config>
    </node>

    <node>
        <path>/Root/Child1 Conj/</path>
        <id>6</id>
        <name>Child1_2</name>
        <wazuh_rule_config>
            <match>evil Child1_2 log</match>
            <description>An attacker has reached "Child1_2" node</description>
        </wazuh_rule_config>
    </node>

    <node>
        <path>/Root/Child4/</path>
        <id>7</id>
        <name>Child4_1</name>
        <wazuh_rule_config>
            <match>evil Child4_1 log</match>
            <description>An attacker has reached "Child4_1" node</description>
        </wazuh_rule_config>
    </node>


</tree>